\BOOKMARK [1][-]{section.1}{Fundamentals of Programming}{}% 1
\BOOKMARK [2][-]{subsection.1.1}{Pseudocode}{section.1}% 2
\BOOKMARK [1][-]{section.2}{Problem Solving and Theory of Computation}{}% 3
\BOOKMARK [2][-]{subsection.2.1}{Problem Solving}{section.2}% 4
\BOOKMARK [2][-]{subsection.2.2}{Strategies}{section.2}% 5
\BOOKMARK [2][-]{subsection.2.3}{Structured Programming}{section.2}% 6
\BOOKMARK [2][-]{subsection.2.4}{Testing}{section.2}% 7
\BOOKMARK [2][-]{subsection.2.5}{Abstraction}{section.2}% 8
\BOOKMARK [2][-]{subsection.2.6}{Composition}{section.2}% 9
\BOOKMARK [2][-]{subsection.2.7}{Automation}{section.2}% 10
\BOOKMARK [2][-]{subsection.2.8}{Finite State Machines}{section.2}% 11
\BOOKMARK [1][-]{section.3}{Data Representation}{}% 12
\BOOKMARK [2][-]{subsection.3.1}{Number Systems}{section.3}% 13
\BOOKMARK [2][-]{subsection.3.2}{Two's Complement}{section.3}% 14
\BOOKMARK [2][-]{subsection.3.3}{Fixed Point Binary Numbers}{section.3}% 15
\BOOKMARK [2][-]{subsection.3.4}{Floating Point Binary Numbers}{section.3}% 16
\BOOKMARK [2][-]{subsection.3.5}{Character Encoding}{section.3}% 17
\BOOKMARK [2][-]{subsection.3.6}{Error Checking and Correction}{section.3}% 18
\BOOKMARK [2][-]{subsection.3.7}{Analogue and Digital Data}{section.3}% 19
\BOOKMARK [2][-]{subsection.3.8}{Image Representation}{section.3}% 20
\BOOKMARK [2][-]{subsection.3.9}{Audio Representation}{section.3}% 21
\BOOKMARK [2][-]{subsection.3.10}{Compression}{section.3}% 22
\BOOKMARK [2][-]{subsection.3.11}{Encryption}{section.3}% 23
\BOOKMARK [1][-]{section.4}{Hardware and Software}{}% 24
\BOOKMARK [2][-]{subsection.4.1}{Classification of Software}{section.4}% 25
\BOOKMARK [2][-]{subsection.4.2}{Programming Language Specification}{section.4}% 26
\BOOKMARK [2][-]{subsection.4.3}{Programming Language Translation}{section.4}% 27
\BOOKMARK [2][-]{subsection.4.4}{Boolean Logic \046 Algebra}{section.4}% 28
\BOOKMARK [1][-]{section.5}{Computer Organisation and Architecture}{}% 29
\BOOKMARK [2][-]{subsection.5.1}{Harvard \046 Von Neuman Architecture}{section.5}% 30
\BOOKMARK [2][-]{subsection.5.2}{Motherboard}{section.5}% 31
\BOOKMARK [2][-]{subsection.5.3}{CPU Disambiguation}{section.5}% 32
\BOOKMARK [2][-]{subsection.5.4}{CPU Components}{section.5}% 33
\BOOKMARK [2][-]{subsection.5.5}{Motherboard Buses}{section.5}% 34
\BOOKMARK [2][-]{subsection.5.6}{IO Controllers}{section.5}% 35
\BOOKMARK [2][-]{subsection.5.7}{Cache}{section.5}% 36
\BOOKMARK [2][-]{subsection.5.8}{FDE Cycle}{section.5}% 37
\BOOKMARK [2][-]{subsection.5.9}{Interrupts}{section.5}% 38
\BOOKMARK [2][-]{subsection.5.10}{Processor Performance}{section.5}% 39
\BOOKMARK [2][-]{subsection.5.11}{Instruction Sets}{section.5}% 40
\BOOKMARK [2][-]{subsection.5.12}{Addressing Modes}{section.5}% 41
\BOOKMARK [2][-]{subsection.5.13}{Assembly Language}{section.5}% 42
\BOOKMARK [2][-]{subsection.5.14}{IO Devices}{section.5}% 43
\BOOKMARK [2][-]{subsection.5.15}{Secondary Storage}{section.5}% 44
\BOOKMARK [1][-]{section.6}{Data Structures}{}% 45
\BOOKMARK [1][-]{section.7}{Algorithms}{}% 46
\BOOKMARK [1][-]{section.8}{Regular languages}{}% 47
\BOOKMARK [2][-]{subsection.8.1}{Mealy Machines}{section.8}% 48
\BOOKMARK [2][-]{subsection.8.2}{Sets}{section.8}% 49
\BOOKMARK [2][-]{subsection.8.3}{Regular Expressions}{section.8}% 50
\BOOKMARK [2][-]{subsection.8.4}{Turing Machine}{section.8}% 51
\BOOKMARK [2][-]{subsection.8.5}{Backus-Naur Form}{section.8}% 52
\BOOKMARK [1][-]{section.9}{Communication Technology and Consequences}{}% 53
\BOOKMARK [2][-]{subsection.9.1}{Communication Methods}{section.9}% 54
\BOOKMARK [2][-]{subsection.9.2}{Network Topology}{section.9}% 55
\BOOKMARK [2][-]{subsection.9.3}{Client/Server}{section.9}% 56
\BOOKMARK [2][-]{subsection.9.4}{Peer-to-peer}{section.9}% 57
\BOOKMARK [2][-]{subsection.9.5}{Wireless Networking}{section.9}% 58
\BOOKMARK [2][-]{subsection.9.6}{Communication \046 Privacy}{section.9}% 59
\BOOKMARK [2][-]{subsection.9.7}{Social, Cultural \046 Legal Issues}{section.9}% 60
\BOOKMARK [1][-]{section.10}{The Internet}{}% 61
\BOOKMARK [2][-]{subsection.10.1}{Uniform Resource Locators}{section.10}% 62
\BOOKMARK [2][-]{subsection.10.2}{Domain Names \046 DNS}{section.10}% 63
\BOOKMARK [2][-]{subsection.10.3}{Protocol Stack}{section.10}% 64
\BOOKMARK [2][-]{subsection.10.4}{IP Addresses}{section.10}% 65
\BOOKMARK [2][-]{subsection.10.5}{TCP Handshake}{section.10}% 66
\BOOKMARK [2][-]{subsection.10.6}{Asymmetric Encryption}{section.10}% 67
\BOOKMARK [2][-]{subsection.10.7}{Digital Signatures \046 Certificates}{section.10}% 68
\BOOKMARK [2][-]{subsection.10.8}{TLS}{section.10}% 69
\BOOKMARK [2][-]{subsection.10.9}{Local Networks}{section.10}% 70
\BOOKMARK [2][-]{subsection.10.10}{Internet Security}{section.10}% 71
\BOOKMARK [1][-]{section.11}{Databases and Software Development}{}% 72
\BOOKMARK [2][-]{subsection.11.1}{Introduction to Databases}{section.11}% 73
\BOOKMARK [2][-]{subsection.11.2}{Database Systems Overview}{section.11}% 74
\BOOKMARK [2][-]{subsection.11.3}{Relationships}{section.11}% 75
\BOOKMARK [2][-]{subsection.11.4}{Normalisation}{section.11}% 76
\BOOKMARK [2][-]{subsection.11.5}{Diagrams}{section.11}% 77
\BOOKMARK [2][-]{subsection.11.6}{SQL}{section.11}% 78
\BOOKMARK [2][-]{subsection.11.7}{Client-Server Databases}{section.11}% 79
\BOOKMARK [2][-]{subsection.11.8}{Approach to Problem Solving}{section.11}% 80
\BOOKMARK [1][-]{section.12}{OOP and Functional Programming}{}% 81
\BOOKMARK [2][-]{subsection.12.1}{Imperative Programming}{section.12}% 82
\BOOKMARK [2][-]{subsection.12.2}{Procedural Languages}{section.12}% 83
\BOOKMARK [2][-]{subsection.12.3}{Object Orientation}{section.12}% 84
\BOOKMARK [2][-]{subsection.12.4}{Functional Programming}{section.12}% 85
\BOOKMARK [2][-]{subsection.12.5}{Big Data}{section.12}% 86
