\BOOKMARK [1][-]{section.1}{Particle Physics}{}% 1
\BOOKMARK [2][-]{subsection.1.1}{Atoms \046 Nuclei}{section.1}% 2
\BOOKMARK [3][-]{subsubsection.1.1.1}{Isotopes}{subsection.1.1}% 3
\BOOKMARK [3][-]{subsubsection.1.1.2}{Specific Charge}{subsection.1.1}% 4
\BOOKMARK [3][-]{subsubsection.1.1.3}{Strong Nuclear Force}{subsection.1.1}% 5
\BOOKMARK [3][-]{subsubsection.1.1.4}{Force Carriers}{subsection.1.1}% 6
\BOOKMARK [3][-]{subsubsection.1.1.5}{Weak Interaction}{subsection.1.1}% 7
\BOOKMARK [2][-]{subsection.1.2}{Radioactive Decay}{section.1}% 8
\BOOKMARK [3][-]{subsubsection.1.2.1}{Alpha Emission}{subsection.1.2}% 9
\BOOKMARK [3][-]{subsubsection.1.2.2}{Beta Minus Decay}{subsection.1.2}% 10
\BOOKMARK [3][-]{subsubsection.1.2.3}{Beta Plus Decay}{subsection.1.2}% 11
\BOOKMARK [3][-]{subsubsection.1.2.4}{Electron Capture}{subsection.1.2}% 12
\BOOKMARK [3][-]{subsubsection.1.2.5}{Gamma Emission}{subsection.1.2}% 13
\BOOKMARK [2][-]{subsection.1.3}{Particles \046 Antiparticles}{section.1}% 14
\BOOKMARK [3][-]{subsubsection.1.3.1}{Hadrons}{subsection.1.3}% 15
\BOOKMARK [3][-]{subsubsection.1.3.2}{Leptons}{subsection.1.3}% 16
\BOOKMARK [2][-]{subsection.1.4}{Photons \046 Energy}{section.1}% 17
\BOOKMARK [3][-]{subsubsection.1.4.1}{Annihilation}{subsection.1.4}% 18
\BOOKMARK [3][-]{subsubsection.1.4.2}{Pair Production}{subsection.1.4}% 19
\BOOKMARK [2][-]{subsection.1.5}{Quantum Phenomena}{section.1}% 20
\BOOKMARK [3][-]{subsubsection.1.5.1}{Photoelectric Effect}{subsection.1.5}% 21
\BOOKMARK [3][-]{subsubsection.1.5.2}{Work Function \046 Threshold Frequency}{subsection.1.5}% 22
\BOOKMARK [3][-]{subsubsection.1.5.3}{Stopping Potential}{subsection.1.5}% 23
\BOOKMARK [3][-]{subsubsection.1.5.4}{Vacuum Photocell}{subsection.1.5}% 24
\BOOKMARK [3][-]{subsubsection.1.5.5}{Ionisation}{subsection.1.5}% 25
\BOOKMARK [3][-]{subsubsection.1.5.6}{Excitation}{subsection.1.5}% 26
\BOOKMARK [3][-]{subsubsection.1.5.7}{Energy Levels}{subsection.1.5}% 27
\BOOKMARK [3][-]{subsubsection.1.5.8}{Wave-Particle Duality}{subsection.1.5}% 28
\BOOKMARK [1][-]{section.2}{Waves and Optics}{}% 29
\BOOKMARK [1][-]{section.3}{Mechanics}{}% 30
\BOOKMARK [1][-]{section.4}{Electricity}{}% 31
\BOOKMARK [1][-]{section.5}{Further Mechanics}{}% 32
\BOOKMARK [1][-]{section.6}{Thermal Physics}{}% 33
\BOOKMARK [1][-]{section.7}{Fields and their Consequences}{}% 34
\BOOKMARK [2][-]{subsection.7.1}{Gravitational Fields}{section.7}% 35
\BOOKMARK [3][-]{subsubsection.7.1.1}{Gravitational Field Strength}{subsection.7.1}% 36
\BOOKMARK [3][-]{subsubsection.7.1.2}{Radial and Uniform Fields}{subsection.7.1}% 37
\BOOKMARK [3][-]{subsubsection.7.1.3}{Gravitational Potential \046 GPE}{subsection.7.1}% 38
\BOOKMARK [3][-]{subsubsection.7.1.4}{Equipotentials}{subsection.7.1}% 39
\BOOKMARK [3][-]{subsubsection.7.1.5}{Potential Gradients}{subsection.7.1}% 40
\BOOKMARK [3][-]{subsubsection.7.1.6}{Law of Gravitation}{subsection.7.1}% 41
\BOOKMARK [3][-]{subsubsection.7.1.7}{Planetary Fields}{subsection.7.1}% 42
\BOOKMARK [3][-]{subsubsection.7.1.8}{Escape Velocity}{subsection.7.1}% 43
\BOOKMARK [3][-]{subsubsection.7.1.9}{Satellite Motion}{subsection.7.1}% 44
\BOOKMARK [2][-]{subsection.7.2}{Electric Fields}{section.7}% 45
\BOOKMARK [3][-]{subsubsection.7.2.1}{Electric Field Strength}{subsection.7.2}% 46
\BOOKMARK [3][-]{subsubsection.7.2.2}{Uniform Electric Fields}{subsection.7.2}% 47
\BOOKMARK [3][-]{subsubsection.7.2.3}{Electric Potential}{subsection.7.2}% 48
\BOOKMARK [3][-]{subsubsection.7.2.4}{Coulomb's Law}{subsection.7.2}% 49
\BOOKMARK [2][-]{subsection.7.3}{Capacitors}{section.7}% 50
\BOOKMARK [3][-]{subsubsection.7.3.1}{Charge \046 Energy Stored in a Capacitor}{subsection.7.3}% 51
\BOOKMARK [3][-]{subsubsection.7.3.2}{Discharging Through a Fixed Resistor}{subsection.7.3}% 52
\BOOKMARK [3][-]{subsubsection.7.3.3}{Charging Through a Fixed Resistor}{subsection.7.3}% 53
\BOOKMARK [3][-]{subsubsection.7.3.4}{Dielectrics}{subsection.7.3}% 54
\BOOKMARK [2][-]{subsection.7.4}{Magnetic Fields}{section.7}% 55
\BOOKMARK [3][-]{subsubsection.7.4.1}{Motor Effect}{subsection.7.4}% 56
\BOOKMARK [3][-]{subsubsection.7.4.2}{Charges in Magnetic Fields}{subsection.7.4}% 57
\BOOKMARK [3][-]{subsubsection.7.4.3}{Flux and Flux Linkage}{subsection.7.4}% 58
\BOOKMARK [3][-]{subsubsection.7.4.4}{Electromagnetic induction}{subsection.7.4}% 59
\BOOKMARK [3][-]{subsubsection.7.4.5}{Solenoids and Coils}{subsection.7.4}% 60
\BOOKMARK [3][-]{subsubsection.7.4.6}{Alternating Current}{subsection.7.4}% 61
\BOOKMARK [3][-]{subsubsection.7.4.7}{Transformers}{subsection.7.4}% 62
\BOOKMARK [3][-]{subsubsection.7.4.8}{The Grid System}{subsection.7.4}% 63
\BOOKMARK [1][-]{section.8}{Nuclear Physics}{}% 64
\BOOKMARK [2][-]{subsection.8.1}{Radiation}{section.8}% 65
\BOOKMARK [2][-]{subsection.8.2}{Inverse Square Law}{section.8}% 66
\BOOKMARK [2][-]{subsection.8.3}{Hazards of Radiation}{section.8}% 67
\BOOKMARK [2][-]{subsection.8.4}{Radioactive Decay}{section.8}% 68
\BOOKMARK [3][-]{subsubsection.8.4.1}{Decay Constant}{subsection.8.4}% 69
\BOOKMARK [3][-]{subsubsection.8.4.2}{Activity}{subsection.8.4}% 70
\BOOKMARK [3][-]{subsubsection.8.4.3}{Decay Curves}{subsection.8.4}% 71
\BOOKMARK [3][-]{subsubsection.8.4.4}{Half-life}{subsection.8.4}% 72
\BOOKMARK [2][-]{subsection.8.5}{Nuclear Radius}{section.8}% 73
\BOOKMARK [2][-]{subsection.8.6}{Energy and Mass}{section.8}% 74
\BOOKMARK [2][-]{subsection.8.7}{Binding Energy}{section.8}% 75
\BOOKMARK [2][-]{subsection.8.8}{Quantum Tunnelling}{section.8}% 76
\BOOKMARK [2][-]{subsection.8.9}{Nuclear Stability}{section.8}% 77
\BOOKMARK [1][-]{section.9}{Turning Points}{}% 78
\BOOKMARK [2][-]{subsection.9.1}{Discovery of the Electron}{section.9}% 79
\BOOKMARK [3][-]{subsubsection.9.1.1}{Electron Guns}{subsection.9.1}% 80
\BOOKMARK [3][-]{subsubsection.9.1.2}{Fine Beam Tube}{subsection.9.1}% 81
\BOOKMARK [3][-]{subsubsection.9.1.3}{Thomson's Crossed Fields}{subsection.9.1}% 82
\BOOKMARK [2][-]{subsection.9.2}{Wave Particle Duality}{section.9}% 83
\BOOKMARK [2][-]{subsection.9.3}{Discovery of EM Waves}{section.9}% 84
\BOOKMARK [2][-]{subsection.9.4}{Special Relativity}{section.9}% 85
\BOOKMARK [3][-]{subsubsection.9.4.1}{Interferometer}{subsection.9.4}% 86
\BOOKMARK [3][-]{subsubsection.9.4.2}{Black Body}{subsection.9.4}% 87
\BOOKMARK [3][-]{subsubsection.9.4.3}{Einstein's Theory of Special Relativity}{subsection.9.4}% 88
\BOOKMARK [3][-]{subsubsection.9.4.4}{Time Dilation}{subsection.9.4}% 89
\BOOKMARK [3][-]{subsubsection.9.4.5}{Length Contraction}{subsection.9.4}% 90
\BOOKMARK [3][-]{subsubsection.9.4.6}{Mass \046 Energy}{subsection.9.4}% 91
